modules/screen-time/android/build/intermediates/manifest_merge_blame_file/debug/processDebugManifest/manifest-merger-blame-debug-report.txt
1<?xml version="1.0" encoding="utf-8"?>
2<manifest xmlns:android="http://schemas.android.com/apk/res/android"
3    xmlns:tools="http://schemas.android.com/tools"
4    package="com.frimit.screentime" >
5
6    <uses-sdk android:minSdkVersion="24" />
7
8    <!-- 사용량 통계 조회 권한. 런타임 요청이 아니라 설정 화면에서 사용자가 직접 켜야 한다. -->
9    <uses-permission
9-->src/main/AndroidManifest.xml:5:3-7:43
10        android:name="android.permission.PACKAGE_USAGE_STATS"
10-->src/main/AndroidManifest.xml:6:5-58
11        tools:ignore="ProtectedPermissions" />
11-->src/main/AndroidManifest.xml:7:5-40
12
13    <!--
14       Android 11+ 패키지 가시성: 런처에 나타나는 앱만 목록으로 보여준다.
15       QUERY_ALL_PACKAGES는 스토어 정책상 정당화가 어려우므로 쓰지 않는다.
16    -->
17    <queries>
17-->src/main/AndroidManifest.xml:11:3-16:13
18        <intent>
18-->src/main/AndroidManifest.xml:12:5-15:14
19            <action android:name="android.intent.action.MAIN" />
19-->src/main/AndroidManifest.xml:13:7-59
19-->src/main/AndroidManifest.xml:13:15-56
20
21            <category android:name="android.intent.category.LAUNCHER" />
21-->src/main/AndroidManifest.xml:14:7-67
21-->src/main/AndroidManifest.xml:14:17-64
22        </intent>
23    </queries>
24
25</manifest>